
[РџСЂРµРґСѓРїСЂРµР¶РґРµРЅРёРµ] Р¤СѓРЅРєС†РёСЏ multiply РІС‹РїРѕР»РЅРµРЅР° Р·Р° 2.29480028 СЃРµРєСѓРЅ
[РРЅС„РѕСЂРјР°С†РёСЏ] Р¤СѓРЅРєС†РёСЏ compute_sum РІС‹РїРѕР»РЅРµРЅР° Р·Р° 1.72434068 СЃРµРєСѓРЅРґ
[РРЅС„РѕСЂРјР°С†РёСЏ] Р¤СѓРЅРєС†РёСЏ compute_sum РІС‹РїРѕР»РЅРµРЅР° Р·Р° 1.72434068 СЃРµРєСѓРЅРґ
[РџСЂРµРґСѓРїСЂРµР¶РґРµРЅРёРµ] Р¤СѓРЅРєС†РёСЏ multiply РІС‹РїРѕР»РЅРµРЅР° Р·Р° 1.93251681 СЃРµРєСѓРЅРґ
[РџСЂРµРґСѓРїСЂРµР¶РґРµРЅРёРµ] Р¤СѓРЅРєС†РёСЏ multiply РІС‹РїРѕР»РЅРµРЅР° Р·Р° 1.93251681 СЃРµРєСѓРЅРґ
[Информация] Функция compute_sum выполнена за 2.81037188 секунд
[РРЅС„РѕСЂРјР°С†РёСЏ] Р¤СѓРЅРєС†РёСЏ compute_sum РІС‹РїРѕР»РЅРµРЅР° Р·Р° 2.81037188 СЃРµРєСѓРЅРґ
[РРЅС„РѕСЂРјР°С†РёСЏ] Р¤СѓРЅРєС†РёСЏ compute_sum РІС‹РїРѕР»РЅРµРЅР° Р·Р° 2.81037188 СЃРµРєСѓРЅРґ
[РРЅС„РѕСЂРјР°С†РёСЏ] Р¤СѓРЅРєС†РёСЏ compute_sum РІС‹РїРѕР»РЅРµРЅР° Р·Р° 2.81037188 СЃРµРєСѓРЅРґ
[Предупреждение] Функция multiply выполнена за 2.29655862 секунд
[РџСЂРµРґСѓРїСЂРµР¶РґРµРЅРёРµ] Р¤СѓРЅРєС†РёСЏ multiply РІС‹РїРѕР»РЅРµРЅР° Р·Р° 2.29655862 СЃРµРєСѓРЅРґ
[РџСЂРµРґСѓРїСЂРµР¶РґРµРЅРёРµ] Р¤СѓРЅРєС†РёСЏ multiply РІС‹РїРѕР»РЅРµРЅР° Р·Р° 2.29655862 СЃРµРєСѓРЅРґ
[РџСЂРµРґСѓРїСЂРµР¶РґРµРЅРёРµ] Р¤СѓРЅРєС†РёСЏ multiply РІС‹РїРѕР»РЅРµРЅР° Р·Р° 2.29655862 СЃРµРєСѓРЅРґ
[Ошибка] Функция test_module была выполнена с ошибкой.
 NoneType: None

[РћС€РёР±РєР°] Р¤СѓРЅРєС†РёСЏ test_module Р±С‹Р»Р° РІС‹РїРѕР»РЅРµРЅР° СЃ РѕС€РёР±РєРѕР№.
 NoneType: None

[РћС€РёР±РєР°] Р¤СѓРЅРєС†РёСЏ test_module Р±С‹Р»Р° РІС‹РїРѕР»РЅРµРЅР° СЃ РѕС€РёР±РєРѕР№.
 NoneType: None

[РћС€РёР±РєР°] Р¤СѓРЅРєС†РёСЏ test_module Р±С‹Р»Р° РІС‹РїРѕР»РЅРµРЅР° СЃ РѕС€РёР±РєРѕР№.
 NoneType: None

